app/build/intermediates/manifest_merge_blame_file/release/processReleaseMainManifest/manifest-merger-blame-release-report.txt
1<?xml version="1.0" encoding="utf-8"?>
2<manifest xmlns:android="http://schemas.android.com/apk/res/android"
3    package="com.insnaejack.pdfgenerator"
4    android:versionCode="1"
5    android:versionName="1.0" >
6
7    <uses-sdk
8        android:minSdkVersion="23"
9        android:targetSdkVersion="33" />
10
11    <!-- Permissions -->
12    <uses-permission android:name="android.permission.INTERNET" />
12-->src/main/AndroidManifest.xml:6:5-67
12-->src/main/AndroidManifest.xml:6:22-64
13    <uses-permission android:name="android.permission.CAMERA" />
13-->src/main/AndroidManifest.xml:7:5-65
13-->src/main/AndroidManifest.xml:7:22-62
14    <!-- For Android 10 (API level 29) and higher, if accessing external storage for non-media files -->
15    <uses-permission android:name="android.permission.MANAGE_EXTERNAL_STORAGE" />
15-->src/main/AndroidManifest.xml:9:5-111
15-->src/main/AndroidManifest.xml:9:22-79
16    <!-- For older versions, or for media files -->
17    <uses-permission
17-->src/main/AndroidManifest.xml:11:5-107
18        android:name="android.permission.READ_EXTERNAL_STORAGE"
18-->src/main/AndroidManifest.xml:11:22-77
19        android:maxSdkVersion="32" />
19-->src/main/AndroidManifest.xml:11:78-104
20    <uses-permission
20-->src/main/AndroidManifest.xml:12:5-137
21        android:name="android.permission.WRITE_EXTERNAL_STORAGE"
21-->src/main/AndroidManifest.xml:12:22-78
22        android:maxSdkVersion="28" />
22-->src/main/AndroidManifest.xml:12:79-105
23    <!-- Google Play Billing -->
24    <uses-permission android:name="com.android.vending.BILLING" />
24-->src/main/AndroidManifest.xml:14:5-67
24-->src/main/AndroidManifest.xml:14:22-64
25
26    <!-- Declare features -->
27    <uses-feature
27-->src/main/AndroidManifest.xml:17:5-85
28        android:name="android.hardware.camera"
28-->src/main/AndroidManifest.xml:17:19-57
29        android:required="false" />
29-->src/main/AndroidManifest.xml:17:58-82
30
31    <queries>
31-->[androidx.camera:camera-extensions:1.3.3] AndroidManifest.xml:22:5-26:15
32        <intent>
32-->[androidx.camera:camera-extensions:1.3.3] AndroidManifest.xml:23:9-25:18
33            <action android:name="androidx.camera.extensions.action.VENDOR_ACTION" />
33-->[androidx.camera:camera-extensions:1.3.3] AndroidManifest.xml:24:13-86
33-->[androidx.camera:camera-extensions:1.3.3] AndroidManifest.xml:24:21-83
34        </intent>
35        <intent>
35-->[com.android.billingclient:billing:6.2.0] AndroidManifest.xml:13:9-15:18
36            <action android:name="com.android.vending.billing.InAppBillingService.BIND" />
36-->[com.android.billingclient:billing:6.2.0] AndroidManifest.xml:14:13-91
36-->[com.android.billingclient:billing:6.2.0] AndroidManifest.xml:14:21-88
37        </intent> <!-- For browser content -->
38        <intent>
38-->[com.google.android.gms:play-services-ads-lite:23.0.0] AndroidManifest.xml:38:9-44:18
39            <action android:name="android.intent.action.VIEW" />
39-->[com.google.android.gms:play-services-ads-lite:23.0.0] AndroidManifest.xml:39:13-65
39-->[com.google.android.gms:play-services-ads-lite:23.0.0] AndroidManifest.xml:39:21-62
40
41            <category android:name="android.intent.category.BROWSABLE" />
41-->[com.google.android.gms:play-services-ads-lite:23.0.0] AndroidManifest.xml:41:13-74
41-->[com.google.android.gms:play-services-ads-lite:23.0.0] AndroidManifest.xml:41:23-71
42
43            <data android:scheme="https" />
43-->[com.google.android.gms:play-services-ads-lite:23.0.0] AndroidManifest.xml:43:13-44
43-->[com.google.android.gms:play-services-ads-lite:23.0.0] AndroidManifest.xml:43:19-41
44        </intent> <!-- End of browser content -->
45        <!-- For CustomTabsService -->
46        <intent>
46-->[com.google.android.gms:play-services-ads-lite:23.0.0] AndroidManifest.xml:47:9-49:18
47            <action android:name="android.support.customtabs.action.CustomTabsService" />
47-->[com.google.android.gms:play-services-ads-lite:23.0.0] AndroidManifest.xml:48:13-90
47-->[com.google.android.gms:play-services-ads-lite:23.0.0] AndroidManifest.xml:48:21-87
48        </intent>
49    </queries>
50
51    <uses-permission android:name="android.permission.ACCESS_NETWORK_STATE" />
51-->[com.google.android.gms:play-services-ads-lite:23.0.0] AndroidManifest.xml:25:5-79
51-->[com.google.android.gms:play-services-ads-lite:23.0.0] AndroidManifest.xml:25:22-76
52    <uses-permission android:name="com.google.android.gms.permission.AD_ID" />
52-->[com.google.android.gms:play-services-ads-lite:23.0.0] AndroidManifest.xml:26:5-79
52-->[com.google.android.gms:play-services-ads-lite:23.0.0] AndroidManifest.xml:26:22-76
53    <uses-permission android:name="android.permission.ACCESS_ADSERVICES_AD_ID" />
53-->[com.google.android.gms:play-services-ads-lite:23.0.0] AndroidManifest.xml:27:5-82
53-->[com.google.android.gms:play-services-ads-lite:23.0.0] AndroidManifest.xml:27:22-79
54    <uses-permission android:name="android.permission.ACCESS_ADSERVICES_ATTRIBUTION" />
54-->[com.google.android.gms:play-services-ads-lite:23.0.0] AndroidManifest.xml:28:5-88
54-->[com.google.android.gms:play-services-ads-lite:23.0.0] AndroidManifest.xml:28:22-85
55    <uses-permission android:name="android.permission.ACCESS_ADSERVICES_TOPICS" />
55-->[com.google.android.gms:play-services-ads-lite:23.0.0] AndroidManifest.xml:29:5-83
55-->[com.google.android.gms:play-services-ads-lite:23.0.0] AndroidManifest.xml:29:22-80
56    <uses-permission android:name="android.permission.WAKE_LOCK" />
56-->[com.google.android.gms:play-services-measurement-sdk-api:20.1.2] AndroidManifest.xml:25:5-68
56-->[com.google.android.gms:play-services-measurement-sdk-api:20.1.2] AndroidManifest.xml:25:22-65
57    <uses-permission android:name="android.permission.FOREGROUND_SERVICE" />
57-->[androidx.work:work-runtime:2.7.0] AndroidManifest.xml:28:5-77
57-->[androidx.work:work-runtime:2.7.0] AndroidManifest.xml:28:22-74
58
59    <permission
59-->[androidx.core:core:1.13.0] AndroidManifest.xml:22:5-24:47
60        android:name="com.insnaejack.pdfgenerator.DYNAMIC_RECEIVER_NOT_EXPORTED_PERMISSION"
60-->[androidx.core:core:1.13.0] AndroidManifest.xml:23:9-81
61        android:protectionLevel="signature" />
61-->[androidx.core:core:1.13.0] AndroidManifest.xml:24:9-44
62
63    <uses-permission android:name="com.insnaejack.pdfgenerator.DYNAMIC_RECEIVER_NOT_EXPORTED_PERMISSION" />
63-->[androidx.core:core:1.13.0] AndroidManifest.xml:26:5-97
63-->[androidx.core:core:1.13.0] AndroidManifest.xml:26:22-94
64
65    <application
65-->src/main/AndroidManifest.xml:19:5-56:19
66        android:name="com.insnaejack.pdfgenerator.PdfGeneratorApp"
66-->src/main/AndroidManifest.xml:20:9-40
67        android:allowBackup="true"
67-->src/main/AndroidManifest.xml:21:9-35
68        android:appComponentFactory="androidx.core.app.CoreComponentFactory"
68-->[androidx.core:core:1.13.0] AndroidManifest.xml:28:18-86
69        android:dataExtractionRules="@xml/data_extraction_rules"
69-->src/main/AndroidManifest.xml:22:9-65
70        android:extractNativeLibs="false"
71        android:fullBackupContent="@xml/backup_rules"
71-->src/main/AndroidManifest.xml:23:9-54
72        android:icon="@mipmap/ic_launcher"
72-->src/main/AndroidManifest.xml:24:9-43
73        android:label="@string/app_name"
73-->src/main/AndroidManifest.xml:25:9-41
74        android:roundIcon="@mipmap/ic_launcher_round"
74-->src/main/AndroidManifest.xml:26:9-54
75        android:supportsRtl="true"
75-->src/main/AndroidManifest.xml:27:9-35
76        android:theme="@style/Theme.PdfGenerator" >
76-->src/main/AndroidManifest.xml:28:9-50
77        <activity
77-->src/main/AndroidManifest.xml:30:9-39:20
78            android:name="com.insnaejack.pdfgenerator.MainActivity"
78-->src/main/AndroidManifest.xml:31:13-41
79            android:exported="true"
79-->src/main/AndroidManifest.xml:32:13-36
80            android:label="@string/app_name"
80-->src/main/AndroidManifest.xml:33:13-45
81            android:theme="@style/Theme.PdfGenerator" >
81-->src/main/AndroidManifest.xml:34:13-54
82            <intent-filter>
82-->src/main/AndroidManifest.xml:35:13-38:29
83                <action android:name="android.intent.action.MAIN" />
83-->src/main/AndroidManifest.xml:36:17-69
83-->src/main/AndroidManifest.xml:36:25-66
84
85                <category android:name="android.intent.category.LAUNCHER" />
85-->src/main/AndroidManifest.xml:37:17-77
85-->src/main/AndroidManifest.xml:37:27-74
86            </intent-filter>
87        </activity>
88
89        <!-- For Google AdMob -->
90        <meta-data
90-->src/main/AndroidManifest.xml:42:9-44:69
91            android:name="com.google.android.gms.ads.APPLICATION_ID"
91-->src/main/AndroidManifest.xml:43:13-69
92            android:value="ca-app-pub-xxxxxxxxxxxxxxxx~yyyyyyyyyy" /> <!-- TODO: Replace with actual AdMob App ID -->
92-->src/main/AndroidManifest.xml:44:13-67
93
94        <provider
94-->src/main/AndroidManifest.xml:46:9-54:20
95            android:name="androidx.core.content.FileProvider"
95-->src/main/AndroidManifest.xml:47:13-62
96            android:authorities="com.insnaejack.pdfgenerator.provider"
96-->src/main/AndroidManifest.xml:48:13-71
97            android:exported="false"
97-->src/main/AndroidManifest.xml:49:13-37
98            android:grantUriPermissions="true" >
98-->src/main/AndroidManifest.xml:50:13-47
99            <meta-data
99-->src/main/AndroidManifest.xml:51:13-53:54
100                android:name="android.support.FILE_PROVIDER_PATHS"
100-->src/main/AndroidManifest.xml:52:17-67
101                android:resource="@xml/file_paths" />
101-->src/main/AndroidManifest.xml:53:17-51
102        </provider>
103
104        <uses-library
104-->[androidx.camera:camera-extensions:1.3.3] AndroidManifest.xml:29:9-31:40
105            android:name="androidx.camera.extensions.impl"
105-->[androidx.camera:camera-extensions:1.3.3] AndroidManifest.xml:30:13-59
106            android:required="false" />
106-->[androidx.camera:camera-extensions:1.3.3] AndroidManifest.xml:31:13-37
107
108        <service
108-->[androidx.camera:camera-camera2:1.3.3] AndroidManifest.xml:24:9-33:19
109            android:name="androidx.camera.core.impl.MetadataHolderService"
109-->[androidx.camera:camera-camera2:1.3.3] AndroidManifest.xml:25:13-75
110            android:enabled="false"
110-->[androidx.camera:camera-camera2:1.3.3] AndroidManifest.xml:26:13-36
111            android:exported="false" >
111-->[androidx.camera:camera-camera2:1.3.3] AndroidManifest.xml:27:13-37
112            <meta-data
112-->[androidx.camera:camera-camera2:1.3.3] AndroidManifest.xml:30:13-32:89
113                android:name="androidx.camera.core.impl.MetadataHolderService.DEFAULT_CONFIG_PROVIDER"
113-->[androidx.camera:camera-camera2:1.3.3] AndroidManifest.xml:31:17-103
114                android:value="androidx.camera.camera2.Camera2Config$DefaultProvider" />
114-->[androidx.camera:camera-camera2:1.3.3] AndroidManifest.xml:32:17-86
115        </service>
116
117        <meta-data
117-->[com.android.billingclient:billing:6.2.0] AndroidManifest.xml:19:9-21:37
118            android:name="com.google.android.play.billingclient.version"
118-->[com.android.billingclient:billing:6.2.0] AndroidManifest.xml:20:13-73
119            android:value="6.2.0" />
119-->[com.android.billingclient:billing:6.2.0] AndroidManifest.xml:21:13-34
120
121        <activity
121-->[com.android.billingclient:billing:6.2.0] AndroidManifest.xml:23:9-27:75
122            android:name="com.android.billingclient.api.ProxyBillingActivity"
122-->[com.android.billingclient:billing:6.2.0] AndroidManifest.xml:24:13-78
123            android:configChanges="keyboard|keyboardHidden|screenLayout|screenSize|orientation"
123-->[com.android.billingclient:billing:6.2.0] AndroidManifest.xml:25:13-96
124            android:exported="false"
124-->[com.android.billingclient:billing:6.2.0] AndroidManifest.xml:26:13-37
125            android:theme="@android:style/Theme.Translucent.NoTitleBar" />
125-->[com.android.billingclient:billing:6.2.0] AndroidManifest.xml:27:13-72
126        <activity
126-->[com.google.android.gms:play-services-auth:21.0.0] AndroidManifest.xml:23:9-27:75
127            android:name="com.google.android.gms.auth.api.signin.internal.SignInHubActivity"
127-->[com.google.android.gms:play-services-auth:21.0.0] AndroidManifest.xml:24:13-93
128            android:excludeFromRecents="true"
128-->[com.google.android.gms:play-services-auth:21.0.0] AndroidManifest.xml:25:13-46
129            android:exported="false"
129-->[com.google.android.gms:play-services-auth:21.0.0] AndroidManifest.xml:26:13-37
130            android:theme="@android:style/Theme.Translucent.NoTitleBar" />
130-->[com.google.android.gms:play-services-auth:21.0.0] AndroidManifest.xml:27:13-72
131        <!--
132            Service handling Google Sign-In user revocation. For apps that do not integrate with
133            Google Sign-In, this service will never be started.
134        -->
135        <service
135-->[com.google.android.gms:play-services-auth:21.0.0] AndroidManifest.xml:33:9-37:51
136            android:name="com.google.android.gms.auth.api.signin.RevocationBoundService"
136-->[com.google.android.gms:play-services-auth:21.0.0] AndroidManifest.xml:34:13-89
137            android:exported="true"
137-->[com.google.android.gms:play-services-auth:21.0.0] AndroidManifest.xml:35:13-36
138            android:permission="com.google.android.gms.auth.api.signin.permission.REVOCATION_NOTIFICATION"
138-->[com.google.android.gms:play-services-auth:21.0.0] AndroidManifest.xml:36:13-107
139            android:visibleToInstantApps="true" />
139-->[com.google.android.gms:play-services-auth:21.0.0] AndroidManifest.xml:37:13-48
140
141        <activity
141-->[com.google.android.gms:play-services-base:18.3.0] AndroidManifest.xml:20:9-22:45
142            android:name="com.google.android.gms.common.api.GoogleApiActivity"
142-->[com.google.android.gms:play-services-base:18.3.0] AndroidManifest.xml:20:19-85
143            android:exported="false"
143-->[com.google.android.gms:play-services-base:18.3.0] AndroidManifest.xml:22:19-43
144            android:theme="@android:style/Theme.Translucent.NoTitleBar" /> <!-- Include the AdActivity and InAppPurchaseActivity configChanges and themes. -->
144-->[com.google.android.gms:play-services-base:18.3.0] AndroidManifest.xml:21:19-78
145        <activity
145-->[com.google.android.gms:play-services-ads-lite:23.0.0] AndroidManifest.xml:56:9-61:43
146            android:name="com.google.android.gms.ads.AdActivity"
146-->[com.google.android.gms:play-services-ads-lite:23.0.0] AndroidManifest.xml:57:13-65
147            android:configChanges="keyboard|keyboardHidden|orientation|screenLayout|uiMode|screenSize|smallestScreenSize"
147-->[com.google.android.gms:play-services-ads-lite:23.0.0] AndroidManifest.xml:58:13-122
148            android:exported="false"
148-->[com.google.android.gms:play-services-ads-lite:23.0.0] AndroidManifest.xml:59:13-37
149            android:theme="@android:style/Theme.Translucent" />
149-->[com.google.android.gms:play-services-ads-lite:23.0.0] AndroidManifest.xml:60:13-61
150
151        <provider
151-->[com.google.android.gms:play-services-ads-lite:23.0.0] AndroidManifest.xml:63:9-68:43
152            android:name="com.google.android.gms.ads.MobileAdsInitProvider"
152-->[com.google.android.gms:play-services-ads-lite:23.0.0] AndroidManifest.xml:64:13-76
153            android:authorities="com.insnaejack.pdfgenerator.mobileadsinitprovider"
153-->[com.google.android.gms:play-services-ads-lite:23.0.0] AndroidManifest.xml:65:13-73
154            android:exported="false"
154-->[com.google.android.gms:play-services-ads-lite:23.0.0] AndroidManifest.xml:66:13-37
155            android:initOrder="100" />
155-->[com.google.android.gms:play-services-ads-lite:23.0.0] AndroidManifest.xml:67:13-36
156
157        <service
157-->[com.google.android.gms:play-services-ads-lite:23.0.0] AndroidManifest.xml:70:9-74:43
158            android:name="com.google.android.gms.ads.AdService"
158-->[com.google.android.gms:play-services-ads-lite:23.0.0] AndroidManifest.xml:71:13-64
159            android:enabled="true"
159-->[com.google.android.gms:play-services-ads-lite:23.0.0] AndroidManifest.xml:72:13-35
160            android:exported="false" />
160-->[com.google.android.gms:play-services-ads-lite:23.0.0] AndroidManifest.xml:73:13-37
161
162        <activity
162-->[com.google.android.gms:play-services-ads-lite:23.0.0] AndroidManifest.xml:76:9-80:43
163            android:name="com.google.android.gms.ads.OutOfContextTestingActivity"
163-->[com.google.android.gms:play-services-ads-lite:23.0.0] AndroidManifest.xml:77:13-82
164            android:configChanges="keyboard|keyboardHidden|orientation|screenLayout|uiMode|screenSize|smallestScreenSize"
164-->[com.google.android.gms:play-services-ads-lite:23.0.0] AndroidManifest.xml:78:13-122
165            android:exported="false" />
165-->[com.google.android.gms:play-services-ads-lite:23.0.0] AndroidManifest.xml:79:13-37
166        <activity
166-->[com.google.android.gms:play-services-ads-lite:23.0.0] AndroidManifest.xml:81:9-88:43
167            android:name="com.google.android.gms.ads.NotificationHandlerActivity"
167-->[com.google.android.gms:play-services-ads-lite:23.0.0] AndroidManifest.xml:82:13-82
168            android:excludeFromRecents="true"
168-->[com.google.android.gms:play-services-ads-lite:23.0.0] AndroidManifest.xml:83:13-46
169            android:exported="false"
169-->[com.google.android.gms:play-services-ads-lite:23.0.0] AndroidManifest.xml:84:13-37
170            android:launchMode="singleTask"
170-->[com.google.android.gms:play-services-ads-lite:23.0.0] AndroidManifest.xml:85:13-44
171            android:taskAffinity=""
171-->[com.google.android.gms:play-services-ads-lite:23.0.0] AndroidManifest.xml:86:13-36
172            android:theme="@android:style/Theme.Translucent.NoTitleBar" />
172-->[com.google.android.gms:play-services-ads-lite:23.0.0] AndroidManifest.xml:87:13-72
173
174        <property
174-->[com.google.android.gms:play-services-ads-lite:23.0.0] AndroidManifest.xml:90:9-92:62
175            android:name="android.adservices.AD_SERVICES_CONFIG"
175-->[com.google.android.gms:play-services-ads-lite:23.0.0] AndroidManifest.xml:91:13-65
176            android:resource="@xml/gma_ad_services_config" />
176-->[com.google.android.gms:play-services-ads-lite:23.0.0] AndroidManifest.xml:92:13-59
177
178        <meta-data
178-->[com.google.android.gms:play-services-basement:18.3.0] AndroidManifest.xml:21:9-23:69
179            android:name="com.google.android.gms.version"
179-->[com.google.android.gms:play-services-basement:18.3.0] AndroidManifest.xml:22:13-58
180            android:value="@integer/google_play_services_version" />
180-->[com.google.android.gms:play-services-basement:18.3.0] AndroidManifest.xml:23:13-66
181
182        <provider
182-->[androidx.work:work-runtime:2.7.0] AndroidManifest.xml:31:9-39:20
183            android:name="androidx.startup.InitializationProvider"
183-->[androidx.work:work-runtime:2.7.0] AndroidManifest.xml:32:13-67
184            android:authorities="com.insnaejack.pdfgenerator.androidx-startup"
184-->[androidx.work:work-runtime:2.7.0] AndroidManifest.xml:33:13-68
185            android:exported="false" >
185-->[androidx.work:work-runtime:2.7.0] AndroidManifest.xml:34:13-37
186            <meta-data
186-->[androidx.work:work-runtime:2.7.0] AndroidManifest.xml:36:13-38:52
187                android:name="androidx.work.WorkManagerInitializer"
187-->[androidx.work:work-runtime:2.7.0] AndroidManifest.xml:37:17-68
188                android:value="androidx.startup" />
188-->[androidx.work:work-runtime:2.7.0] AndroidManifest.xml:38:17-49
189            <meta-data
189-->[androidx.emoji2:emoji2:1.3.0] AndroidManifest.xml:29:13-31:52
190                android:name="androidx.emoji2.text.EmojiCompatInitializer"
190-->[androidx.emoji2:emoji2:1.3.0] AndroidManifest.xml:30:17-75
191                android:value="androidx.startup" />
191-->[androidx.emoji2:emoji2:1.3.0] AndroidManifest.xml:31:17-49
192            <meta-data
192-->[androidx.lifecycle:lifecycle-process:2.7.0] AndroidManifest.xml:29:13-31:52
193                android:name="androidx.lifecycle.ProcessLifecycleInitializer"
193-->[androidx.lifecycle:lifecycle-process:2.7.0] AndroidManifest.xml:30:17-78
194                android:value="androidx.startup" />
194-->[androidx.lifecycle:lifecycle-process:2.7.0] AndroidManifest.xml:31:17-49
195            <meta-data
195-->[androidx.profileinstaller:profileinstaller:1.3.1] AndroidManifest.xml:29:13-31:52
196                android:name="androidx.profileinstaller.ProfileInstallerInitializer"
196-->[androidx.profileinstaller:profileinstaller:1.3.1] AndroidManifest.xml:30:17-85
197                android:value="androidx.startup" />
197-->[androidx.profileinstaller:profileinstaller:1.3.1] AndroidManifest.xml:31:17-49
198        </provider>
199
200        <service
200-->[androidx.work:work-runtime:2.7.0] AndroidManifest.xml:41:9-46:35
201            android:name="androidx.work.impl.background.systemalarm.SystemAlarmService"
201-->[androidx.work:work-runtime:2.7.0] AndroidManifest.xml:42:13-88
202            android:directBootAware="false"
202-->[androidx.work:work-runtime:2.7.0] AndroidManifest.xml:43:13-44
203            android:enabled="@bool/enable_system_alarm_service_default"
203-->[androidx.work:work-runtime:2.7.0] AndroidManifest.xml:44:13-72
204            android:exported="false" />
204-->[androidx.work:work-runtime:2.7.0] AndroidManifest.xml:45:13-37
205        <service
205-->[androidx.work:work-runtime:2.7.0] AndroidManifest.xml:47:9-53:35
206            android:name="androidx.work.impl.background.systemjob.SystemJobService"
206-->[androidx.work:work-runtime:2.7.0] AndroidManifest.xml:48:13-84
207            android:directBootAware="false"
207-->[androidx.work:work-runtime:2.7.0] AndroidManifest.xml:49:13-44
208            android:enabled="@bool/enable_system_job_service_default"
208-->[androidx.work:work-runtime:2.7.0] AndroidManifest.xml:50:13-70
209            android:exported="true"
209-->[androidx.work:work-runtime:2.7.0] AndroidManifest.xml:51:13-36
210            android:permission="android.permission.BIND_JOB_SERVICE" />
210-->[androidx.work:work-runtime:2.7.0] AndroidManifest.xml:52:13-69
211        <service
211-->[androidx.work:work-runtime:2.7.0] AndroidManifest.xml:54:9-59:35
212            android:name="androidx.work.impl.foreground.SystemForegroundService"
212-->[androidx.work:work-runtime:2.7.0] AndroidManifest.xml:55:13-81
213            android:directBootAware="false"
213-->[androidx.work:work-runtime:2.7.0] AndroidManifest.xml:56:13-44
214            android:enabled="@bool/enable_system_foreground_service_default"
214-->[androidx.work:work-runtime:2.7.0] AndroidManifest.xml:57:13-77
215            android:exported="false" />
215-->[androidx.work:work-runtime:2.7.0] AndroidManifest.xml:58:13-37
216
217        <receiver
217-->[androidx.work:work-runtime:2.7.0] AndroidManifest.xml:61:9-66:35
218            android:name="androidx.work.impl.utils.ForceStopRunnable$BroadcastReceiver"
218-->[androidx.work:work-runtime:2.7.0] AndroidManifest.xml:62:13-88
219            android:directBootAware="false"
219-->[androidx.work:work-runtime:2.7.0] AndroidManifest.xml:63:13-44
220            android:enabled="true"
220-->[androidx.work:work-runtime:2.7.0] AndroidManifest.xml:64:13-35
221            android:exported="false" />
221-->[androidx.work:work-runtime:2.7.0] AndroidManifest.xml:65:13-37
222        <receiver
222-->[androidx.work:work-runtime:2.7.0] AndroidManifest.xml:67:9-77:20
223            android:name="androidx.work.impl.background.systemalarm.ConstraintProxy$BatteryChargingProxy"
223-->[androidx.work:work-runtime:2.7.0] AndroidManifest.xml:68:13-106
224            android:directBootAware="false"
224-->[androidx.work:work-runtime:2.7.0] AndroidManifest.xml:69:13-44
225            android:enabled="false"
225-->[androidx.work:work-runtime:2.7.0] AndroidManifest.xml:70:13-36
226            android:exported="false" >
226-->[androidx.work:work-runtime:2.7.0] AndroidManifest.xml:71:13-37
227            <intent-filter>
227-->[androidx.work:work-runtime:2.7.0] AndroidManifest.xml:73:13-76:29
228                <action android:name="android.intent.action.ACTION_POWER_CONNECTED" />
228-->[androidx.work:work-runtime:2.7.0] AndroidManifest.xml:74:17-87
228-->[androidx.work:work-runtime:2.7.0] AndroidManifest.xml:74:25-84
229                <action android:name="android.intent.action.ACTION_POWER_DISCONNECTED" />
229-->[androidx.work:work-runtime:2.7.0] AndroidManifest.xml:75:17-90
229-->[androidx.work:work-runtime:2.7.0] AndroidManifest.xml:75:25-87
230            </intent-filter>
231        </receiver>
232        <receiver
232-->[androidx.work:work-runtime:2.7.0] AndroidManifest.xml:78:9-88:20
233            android:name="androidx.work.impl.background.systemalarm.ConstraintProxy$BatteryNotLowProxy"
233-->[androidx.work:work-runtime:2.7.0] AndroidManifest.xml:79:13-104
234            android:directBootAware="false"
234-->[androidx.work:work-runtime:2.7.0] AndroidManifest.xml:80:13-44
235            android:enabled="false"
235-->[androidx.work:work-runtime:2.7.0] AndroidManifest.xml:81:13-36
236            android:exported="false" >
236-->[androidx.work:work-runtime:2.7.0] AndroidManifest.xml:82:13-37
237            <intent-filter>
237-->[androidx.work:work-runtime:2.7.0] AndroidManifest.xml:84:13-87:29
238                <action android:name="android.intent.action.BATTERY_OKAY" />
238-->[androidx.work:work-runtime:2.7.0] AndroidManifest.xml:85:17-77
238-->[androidx.work:work-runtime:2.7.0] AndroidManifest.xml:85:25-74
239                <action android:name="android.intent.action.BATTERY_LOW" />
239-->[androidx.work:work-runtime:2.7.0] AndroidManifest.xml:86:17-76
239-->[androidx.work:work-runtime:2.7.0] AndroidManifest.xml:86:25-73
240            </intent-filter>
241        </receiver>
242        <receiver
242-->[androidx.work:work-runtime:2.7.0] AndroidManifest.xml:89:9-99:20
243            android:name="androidx.work.impl.background.systemalarm.ConstraintProxy$StorageNotLowProxy"
243-->[androidx.work:work-runtime:2.7.0] AndroidManifest.xml:90:13-104
244            android:directBootAware="false"
244-->[androidx.work:work-runtime:2.7.0] AndroidManifest.xml:91:13-44
245            android:enabled="false"
245-->[androidx.work:work-runtime:2.7.0] AndroidManifest.xml:92:13-36
246            android:exported="false" >
246-->[androidx.work:work-runtime:2.7.0] AndroidManifest.xml:93:13-37
247            <intent-filter>
247-->[androidx.work:work-runtime:2.7.0] AndroidManifest.xml:95:13-98:29
248                <action android:name="android.intent.action.DEVICE_STORAGE_LOW" />
248-->[androidx.work:work-runtime:2.7.0] AndroidManifest.xml:96:17-83
248-->[androidx.work:work-runtime:2.7.0] AndroidManifest.xml:96:25-80
249                <action android:name="android.intent.action.DEVICE_STORAGE_OK" />
249-->[androidx.work:work-runtime:2.7.0] AndroidManifest.xml:97:17-82
249-->[androidx.work:work-runtime:2.7.0] AndroidManifest.xml:97:25-79
250            </intent-filter>
251        </receiver>
252        <receiver
252-->[androidx.work:work-runtime:2.7.0] AndroidManifest.xml:100:9-109:20
253            android:name="androidx.work.impl.background.systemalarm.ConstraintProxy$NetworkStateProxy"
253-->[androidx.work:work-runtime:2.7.0] AndroidManifest.xml:101:13-103
254            android:directBootAware="false"
254-->[androidx.work:work-runtime:2.7.0] AndroidManifest.xml:102:13-44
255            android:enabled="false"
255-->[androidx.work:work-runtime:2.7.0] AndroidManifest.xml:103:13-36
256            android:exported="false" >
256-->[androidx.work:work-runtime:2.7.0] AndroidManifest.xml:104:13-37
257            <intent-filter>
257-->[androidx.work:work-runtime:2.7.0] AndroidManifest.xml:106:13-108:29
258                <action android:name="android.net.conn.CONNECTIVITY_CHANGE" />
258-->[androidx.work:work-runtime:2.7.0] AndroidManifest.xml:107:17-79
258-->[androidx.work:work-runtime:2.7.0] AndroidManifest.xml:107:25-76
259            </intent-filter>
260        </receiver>
261        <receiver
261-->[androidx.work:work-runtime:2.7.0] AndroidManifest.xml:110:9-121:20
262            android:name="androidx.work.impl.background.systemalarm.RescheduleReceiver"
262-->[androidx.work:work-runtime:2.7.0] AndroidManifest.xml:111:13-88
263            android:directBootAware="false"
263-->[androidx.work:work-runtime:2.7.0] AndroidManifest.xml:112:13-44
264            android:enabled="false"
264-->[androidx.work:work-runtime:2.7.0] AndroidManifest.xml:113:13-36
265            android:exported="false" >
265-->[androidx.work:work-runtime:2.7.0] AndroidManifest.xml:114:13-37
266            <intent-filter>
266-->[androidx.work:work-runtime:2.7.0] AndroidManifest.xml:116:13-120:29
267                <action android:name="android.intent.action.BOOT_COMPLETED" />
267-->[androidx.work:work-runtime:2.7.0] AndroidManifest.xml:117:17-79
267-->[androidx.work:work-runtime:2.7.0] AndroidManifest.xml:117:25-76
268                <action android:name="android.intent.action.TIME_SET" />
268-->[androidx.work:work-runtime:2.7.0] AndroidManifest.xml:118:17-73
268-->[androidx.work:work-runtime:2.7.0] AndroidManifest.xml:118:25-70
269                <action android:name="android.intent.action.TIMEZONE_CHANGED" />
269-->[androidx.work:work-runtime:2.7.0] AndroidManifest.xml:119:17-81
269-->[androidx.work:work-runtime:2.7.0] AndroidManifest.xml:119:25-78
270            </intent-filter>
271        </receiver>
272        <receiver
272-->[androidx.work:work-runtime:2.7.0] AndroidManifest.xml:122:9-131:20
273            android:name="androidx.work.impl.background.systemalarm.ConstraintProxyUpdateReceiver"
273-->[androidx.work:work-runtime:2.7.0] AndroidManifest.xml:123:13-99